<?xml version="1.0" encoding="UTF-8"?>
<!-- Generated by org.testng.reporters.JUnitXMLReporter -->
<testsuite ignored="4" hostname="DESKTOP-3CBGDHB" failures="0" tests="1" name="Default test" time="18.54" errors="0" timestamp="2023-02-20T01:06:21 EST">
  <testcase classname="com.tekarch.SalesForce.SalesForceWithFrameLoginPage" name="validateCheck" time="11.018"/>
  <testcase classname="com.tekarch.SalesForce.SalesForceWithFrameLoginPage" name="loginPage" time="0.0">
    <ignored/>
  </testcase> <!-- loginPage -->
  <testcase classname="com.tekarch.SalesForce.SalesForceWithFrameLoginPage" name="errorMessageBlankPassword" time="0.0">
    <ignored/>
  </testcase> <!-- errorMessageBlankPassword -->
  <testcase classname="com.tekarch.SalesForce.SalesForceWithFrameLoginPage" name="errorWIthInvalidCred" time="0.0">
    <ignored/>
  </testcase> <!-- errorWIthInvalidCred -->
  <testcase classname="com.tekarch.SalesForce.SalesForceWithFrameLoginPage" name="forgotPassword" time="0.0">
    <ignored/>
  </testcase> <!-- forgotPassword -->
</testsuite> <!-- Default test -->
