<?xml version="1.0" encoding="UTF-8"?>
<!-- Generated by org.testng.reporters.JUnitXMLReporter -->
<testsuite ignored="0" hostname="DESKTOP-3CBGDHB" failures="0" tests="5" name="Chrome" time="47.445" errors="0" timestamp="2023-02-20T01:42:12 EST">
  <testcase classname="com.tekarch.SalesForce.SalesForceWithFrameLoginPage" name="errorMessageBlankPassword" time="0.862"/>
  <testcase classname="com.tekarch.SalesForce.SalesForceWithFrameLoginPage" name="loginPage" time="6.746"/>
  <testcase classname="com.tekarch.SalesForce.SalesForceWithFrameLoginPage" name="forgotPassword" time="1.204"/>
  <testcase classname="com.tekarch.SalesForce.SalesForceWithFrameLoginPage" name="errorWithInvalidCred" time="1.029"/>
  <testcase classname="com.tekarch.SalesForce.SalesForceWithFrameLoginPage" name="validateCheck" time="7.757"/>
</testsuite> <!-- Chrome -->
