<?xml version="1.0" encoding="UTF-8"?>
<testng-results ignored="0" total="5" passed="5" failed="0" skipped="0">
  <reporter-output>
  </reporter-output>
  <suite started-at="2023-02-20T01:41:24 EST" name="Suite" finished-at="2023-02-20T01:42:11 EST" duration-ms="47445">
    <groups>
    </groups>
    <test started-at="2023-02-20T01:41:24 EST" name="Chrome" finished-at="2023-02-20T01:42:11 EST" duration-ms="47445">
      <class name="com.tekarch.SalesForce.SalesForceWithFrameLoginPage">
        <test-method is-config="true" signature="setUpBeforeTest()[pri:0, instance:com.tekarch.SalesForce.SalesForceWithFrameLoginPage@36916eb0]" started-at="2023-02-20T01:41:24 EST" name="setUpBeforeTest" finished-at="2023-02-20T01:41:24 EST" duration-ms="415" status="PASS">
          <reporter-output>
          </reporter-output>
        </test-method> <!-- setUpBeforeTest -->
        <test-method is-config="true" signature="setupBeforeMethod(java.lang.String,java.lang.reflect.Method)[pri:0, instance:com.tekarch.SalesForce.SalesForceWithFrameLoginPage@36916eb0]" started-at="2023-02-20T01:41:24 EST" name="setupBeforeMethod" finished-at="2023-02-20T01:41:31 EST" duration-ms="6142" status="PASS">
          <params>
            <param index="0">
              <value>
                <![CDATA[Chrome]]>
              </value>
            </param>
            <param index="1">
              <value>
                <![CDATA[public static void com.tekarch.SalesForce.SalesForceWithFrameLoginPage.errorMessageBlankPassword() throws java.io.IOException]]>
              </value>
            </param>
          </params>
          <reporter-output>
          </reporter-output>
        </test-method> <!-- setupBeforeMethod -->
        <test-method signature="errorMessageBlankPassword()[pri:1, instance:com.tekarch.SalesForce.SalesForceWithFrameLoginPage@36916eb0]" started-at="2023-02-20T01:41:31 EST" name="errorMessageBlankPassword" finished-at="2023-02-20T01:41:32 EST" duration-ms="862" status="PASS">
          <reporter-output>
          </reporter-output>
        </test-method> <!-- errorMessageBlankPassword -->
        <test-method is-config="true" signature="tearDownAfterMethod(java.lang.reflect.Method)[pri:0, instance:com.tekarch.SalesForce.SalesForceWithFrameLoginPage@36916eb0]" started-at="2023-02-20T01:41:32 EST" name="tearDownAfterMethod" finished-at="2023-02-20T01:41:32 EST" duration-ms="712" status="PASS">
          <params>
            <param index="0">
              <value>
                <![CDATA[public static void com.tekarch.SalesForce.SalesForceWithFrameLoginPage.errorMessageBlankPassword() throws java.io.IOException]]>
              </value>
            </param>
          </params>
          <reporter-output>
          </reporter-output>
        </test-method> <!-- tearDownAfterMethod -->
        <test-method is-config="true" signature="setupBeforeMethod(java.lang.String,java.lang.reflect.Method)[pri:0, instance:com.tekarch.SalesForce.SalesForceWithFrameLoginPage@36916eb0]" started-at="2023-02-20T01:41:32 EST" name="setupBeforeMethod" finished-at="2023-02-20T01:41:37 EST" duration-ms="5088" status="PASS">
          <params>
            <param index="0">
              <value>
                <![CDATA[Chrome]]>
              </value>
            </param>
            <param index="1">
              <value>
                <![CDATA[public static void com.tekarch.SalesForce.SalesForceWithFrameLoginPage.loginPage()]]>
              </value>
            </param>
          </params>
          <reporter-output>
          </reporter-output>
        </test-method> <!-- setupBeforeMethod -->
        <test-method signature="loginPage()[pri:2, instance:com.tekarch.SalesForce.SalesForceWithFrameLoginPage@36916eb0]" started-at="2023-02-20T01:41:37 EST" name="loginPage" finished-at="2023-02-20T01:41:44 EST" duration-ms="6746" status="PASS">
          <reporter-output>
          </reporter-output>
        </test-method> <!-- loginPage -->
        <test-method is-config="true" signature="tearDownAfterMethod(java.lang.reflect.Method)[pri:0, instance:com.tekarch.SalesForce.SalesForceWithFrameLoginPage@36916eb0]" started-at="2023-02-20T01:41:44 EST" name="tearDownAfterMethod" finished-at="2023-02-20T01:41:44 EST" duration-ms="151" status="PASS">
          <params>
            <param index="0">
              <value>
                <![CDATA[public static void com.tekarch.SalesForce.SalesForceWithFrameLoginPage.loginPage()]]>
              </value>
            </param>
          </params>
          <reporter-output>
          </reporter-output>
        </test-method> <!-- tearDownAfterMethod -->
        <test-method is-config="true" signature="setupBeforeMethod(java.lang.String,java.lang.reflect.Method)[pri:0, instance:com.tekarch.SalesForce.SalesForceWithFrameLoginPage@36916eb0]" started-at="2023-02-20T01:41:44 EST" name="setupBeforeMethod" finished-at="2023-02-20T01:41:50 EST" duration-ms="5522" status="PASS">
          <params>
            <param index="0">
              <value>
                <![CDATA[Chrome]]>
              </value>
            </param>
            <param index="1">
              <value>
                <![CDATA[public static void com.tekarch.SalesForce.SalesForceWithFrameLoginPage.forgotPassword() throws java.io.IOException]]>
              </value>
            </param>
          </params>
          <reporter-output>
          </reporter-output>
        </test-method> <!-- setupBeforeMethod -->
        <test-method signature="forgotPassword()[pri:4, instance:com.tekarch.SalesForce.SalesForceWithFrameLoginPage@36916eb0]" started-at="2023-02-20T01:41:50 EST" name="forgotPassword" finished-at="2023-02-20T01:41:51 EST" duration-ms="1204" status="PASS">
          <reporter-output>
          </reporter-output>
        </test-method> <!-- forgotPassword -->
        <test-method is-config="true" signature="tearDownAfterMethod(java.lang.reflect.Method)[pri:0, instance:com.tekarch.SalesForce.SalesForceWithFrameLoginPage@36916eb0]" started-at="2023-02-20T01:41:51 EST" name="tearDownAfterMethod" finished-at="2023-02-20T01:41:51 EST" duration-ms="103" status="PASS">
          <params>
            <param index="0">
              <value>
                <![CDATA[public static void com.tekarch.SalesForce.SalesForceWithFrameLoginPage.forgotPassword() throws java.io.IOException]]>
              </value>
            </param>
          </params>
          <reporter-output>
          </reporter-output>
        </test-method> <!-- tearDownAfterMethod -->
        <test-method is-config="true" signature="setupBeforeMethod(java.lang.String,java.lang.reflect.Method)[pri:0, instance:com.tekarch.SalesForce.SalesForceWithFrameLoginPage@36916eb0]" started-at="2023-02-20T01:41:51 EST" name="setupBeforeMethod" finished-at="2023-02-20T01:41:57 EST" duration-ms="5518" status="PASS">
          <params>
            <param index="0">
              <value>
                <![CDATA[Chrome]]>
              </value>
            </param>
            <param index="1">
              <value>
                <![CDATA[public static void com.tekarch.SalesForce.SalesForceWithFrameLoginPage.errorWithInvalidCred()]]>
              </value>
            </param>
          </params>
          <reporter-output>
          </reporter-output>
        </test-method> <!-- setupBeforeMethod -->
        <test-method signature="errorWithInvalidCred()[pri:5, instance:com.tekarch.SalesForce.SalesForceWithFrameLoginPage@36916eb0]" started-at="2023-02-20T01:41:57 EST" name="errorWithInvalidCred" finished-at="2023-02-20T01:41:58 EST" duration-ms="1029" status="PASS">
          <reporter-output>
          </reporter-output>
        </test-method> <!-- errorWithInvalidCred -->
        <test-method is-config="true" signature="tearDownAfterMethod(java.lang.reflect.Method)[pri:0, instance:com.tekarch.SalesForce.SalesForceWithFrameLoginPage@36916eb0]" started-at="2023-02-20T01:41:58 EST" name="tearDownAfterMethod" finished-at="2023-02-20T01:41:58 EST" duration-ms="403" status="PASS">
          <params>
            <param index="0">
              <value>
                <![CDATA[public static void com.tekarch.SalesForce.SalesForceWithFrameLoginPage.errorWithInvalidCred()]]>
              </value>
            </param>
          </params>
          <reporter-output>
          </reporter-output>
        </test-method> <!-- tearDownAfterMethod -->
        <test-method is-config="true" signature="setupBeforeMethod(java.lang.String,java.lang.reflect.Method)[pri:0, instance:com.tekarch.SalesForce.SalesForceWithFrameLoginPage@36916eb0]" started-at="2023-02-20T01:41:58 EST" name="setupBeforeMethod" finished-at="2023-02-20T01:42:03 EST" duration-ms="5213" status="PASS">
          <params>
            <param index="0">
              <value>
                <![CDATA[Chrome]]>
              </value>
            </param>
            <param index="1">
              <value>
                <![CDATA[public static void com.tekarch.SalesForce.SalesForceWithFrameLoginPage.validateCheck() throws java.lang.InterruptedException]]>
              </value>
            </param>
          </params>
          <reporter-output>
          </reporter-output>
        </test-method> <!-- setupBeforeMethod -->
        <test-method signature="validateCheck()[pri:6, instance:com.tekarch.SalesForce.SalesForceWithFrameLoginPage@36916eb0]" started-at="2023-02-20T01:42:03 EST" name="validateCheck" finished-at="2023-02-20T01:42:11 EST" duration-ms="7757" status="PASS">
          <reporter-output>
          </reporter-output>
        </test-method> <!-- validateCheck -->
        <test-method is-config="true" signature="tearDownAfterMethod(java.lang.reflect.Method)[pri:0, instance:com.tekarch.SalesForce.SalesForceWithFrameLoginPage@36916eb0]" started-at="2023-02-20T01:42:11 EST" name="tearDownAfterMethod" finished-at="2023-02-20T01:42:11 EST" duration-ms="206" status="PASS">
          <params>
            <param index="0">
              <value>
                <![CDATA[public static void com.tekarch.SalesForce.SalesForceWithFrameLoginPage.validateCheck() throws java.lang.InterruptedException]]>
              </value>
            </param>
          </params>
          <reporter-output>
          </reporter-output>
        </test-method> <!-- tearDownAfterMethod -->
      </class> <!-- com.tekarch.SalesForce.SalesForceWithFrameLoginPage -->
    </test> <!-- Chrome -->
  </suite> <!-- Suite -->
</testng-results>
